<?xml version="1.0" encoding="UTF-8"?>
<testsuites name="jest tests" tests="1" failures="0" time="1.652">
  <testsuite name="undefined" errors="0" failures="0" skipped="0" timestamp="2020-03-13T09:52:01" time="1.124" tests="1">
    <testcase classname=" Plugin id and version are defined" name=" Plugin id and version are defined" time="0.002">
    </testcase>
  </testsuite>
</testsuites>